<?xml version="1.0" encoding="UTF-8"?>
<!-- Generated by org.testng.reporters.JUnitReportReporter -->
<testsuite skipped="0" hostname="Krishnas-MacBook-Pro.local" name="com.automationtesting.testcases.PlaceOrderTest" tests="2" failures="0" timestamp="16 Sep 2017 16:13:22 GMT" time="26.052" errors="0">
  <testcase name="carousel" time="0.045" classname="com.automationtesting.testcases.PlaceOrderTest"/>
  <testcase name="placeOrder" time="26.007" classname="com.automationtesting.testcases.PlaceOrderTest"/>
</testsuite> <!-- com.automationtesting.testcases.PlaceOrderTest -->
