<?xml version="1.0" encoding="UTF-8"?>
<!-- Generated by org.testng.reporters.JUnitReportReporter -->
<testsuite skipped="0" hostname="Krishnas-MacBook-Pro.local" name="com.automationtesting.testcases.PlaceOrderTest" tests="2" failures="0" timestamp="17 Sep 2017 06:52:06 GMT" time="29.500" errors="0">
  <testcase name="carousel" time="0.017" classname="com.automationtesting.testcases.PlaceOrderTest"/>
  <testcase name="placeOrder" time="29.483" classname="com.automationtesting.testcases.PlaceOrderTest"/>
</testsuite> <!-- com.automationtesting.testcases.PlaceOrderTest -->
