<?xml version="1.0" encoding="UTF-8"?>
<!-- Generated by org.testng.reporters.JUnitReportReporter -->
<testsuite skipped="0" hostname="Krishnas-MacBook-Pro.local" name="com.automationtesting.testcases.PlaceOrderTest" tests="2" failures="0" timestamp="18 Sep 2017 01:53:01 GMT" time="36.040" errors="0">
  <testcase name="placeOrder" time="35.941" classname="com.automationtesting.testcases.PlaceOrderTest"/>
  <testcase name="carousel" time="0.099" classname="com.automationtesting.testcases.PlaceOrderTest"/>
</testsuite> <!-- com.automationtesting.testcases.PlaceOrderTest -->
